[2013-08-09 14:55:50] phpDocumentor.INFO: Collecting files ..  [] []
[2013-08-09 14:55:50] phpDocumentor.INFO: OK [] []
[2013-08-09 14:55:50] phpDocumentor.INFO: Initializing parser ..  [] []
[2013-08-09 14:55:50] phpDocumentor.INFO: OK [] []
[2013-08-09 14:55:50] phpDocumentor.INFO: Parsing files [] []
[2013-08-09 14:55:50] phpDocumentor.INFO: Parsing /var/www/helloWorld/src/index.php [] []
[2013-08-09 14:55:50] phpDocumentor.INFO: Storing cache in "/var/www/helloWorld/build/api" ..  [] []
[2013-08-09 14:55:50] phpDocumentor.INFO: OK [] []
[2013-08-09 14:55:50] phpDocumentor.INFO: Load cache                                                           ..  [] []
[2013-08-09 14:55:50] phpDocumentor.INFO:    0.002s [] []
[2013-08-09 14:55:50] phpDocumentor.INFO: Preparing template "clean"                                           ..  [] []
[2013-08-09 14:55:50] phpDocumentor.INFO:    0.035s [] []
[2013-08-09 14:55:50] phpDocumentor.INFO: Preparing 15 transformations                                         ..  [] []
[2013-08-09 14:55:50] phpDocumentor.INFO:    0.000s [] []
[2013-08-09 14:55:50] phpDocumentor.INFO: Build "elements" index                                               ..  [] []
[2013-08-09 14:55:50] phpDocumentor.INFO:    0.000s [] []
[2013-08-09 14:55:50] phpDocumentor.INFO: Replace textual FQCNs with object aliases                            ..  [] []
[2013-08-09 14:55:50] phpDocumentor.INFO:    0.000s [] []
[2013-08-09 14:55:50] phpDocumentor.INFO: Build "packages" index                                               ..  [] []
[2013-08-09 14:55:50] phpDocumentor.INFO:    0.001s [] []
[2013-08-09 14:55:50] phpDocumentor.INFO: Build "namespaces" index and add namespaces to "elements"            ..  [] []
[2013-08-09 14:55:50] phpDocumentor.INFO:    0.000s [] []
[2013-08-09 14:55:50] phpDocumentor.INFO: Transform analyzed project into artifacts                            ..  [] []
[2013-08-09 14:55:50] phpDocumentor.NOTICE: E_NOTICE: Object of class phpDocumentor\Descriptor\Collection could not be converted to int {"file":"/usr/share/php/phpDocumentor/vendor/twig/twig/lib/Twig/Environment.php(320) : eval()'d code","line":35} []
[2013-08-09 14:55:50] phpDocumentor.NOTICE: E_NOTICE: Object of class phpDocumentor\Descriptor\Collection could not be converted to int {"file":"/usr/share/php/phpDocumentor/vendor/twig/twig/lib/Twig/Environment.php(320) : eval()'d code","line":35} []
[2013-08-09 14:55:50] phpDocumentor.NOTICE: E_NOTICE: Object of class phpDocumentor\Descriptor\Collection could not be converted to int {"file":"/usr/share/php/phpDocumentor/vendor/twig/twig/lib/Twig/Environment.php(320) : eval()'d code","line":35} []
